<?xml version="1.0" encoding="UTF-8"?>
<!-- Generated by org.testng.reporters.JUnitReportReporter -->
<testsuite hostname="Mamta-PC" name="com.testScripts.TestScripts" tests="2" failures="0" timestamp="4 Jun 2017 06:11:41 GMT" time="9.527" errors="0">
  <testcase name="mouseOverForSignIn" time="9.154" classname="com.testScripts.TestScripts"/>
  <testcase name="assertionCheckForUser" time="0.373" classname="com.testScripts.TestScripts"/>
</testsuite> <!-- com.testScripts.TestScripts -->
